<?xml version="1.0" encoding="UTF-8" ?>
<testsuites>
  <testsuite errors="0" failures="0" hostname="prodigy22-PC" id="0" name="TestSuitehl" package="Smoketest" skipped="0" tests="19" time="2343.998" timestamp="2017-03-31T10:16:42">
      <properties>
[...]
</properties>

      <testcase classname="Smoketest.HLAds" name="TestAdsClinicalTrials" time="322.563" />

      <testcase classname="Smoketest.HLAds" name="TestAdsDMArticle" time="202.252" />

      <testcase classname="Smoketest.HLAds" name="TestAdsStandardArticle" time="245.652" />

      <testcase classname="Smoketest.HLAds" name="TestAdsTabbedArticle" time="248.555" />

      <testcase classname="Smoketest.HLAds" name="TestAdsPillLanding" time="94.333" />

      <testcase classname="Smoketest.HLAds" name="TestAdsDMLanding" time="77.383" />

      <testcase classname="Smoketest.HLAds" name="TestAdsNewsArticle" time="124.002" />

      <testcase classname="Smoketest.HLAds" name="TestAdsHomepage" time="52.769" />

      <testcase classname="Smoketest.HLAds" name="TestAdsVideo" time="98.427" />

      <testcase classname="Smoketest.HLAds" name="TestAdsblogs" time="30.298" />

      <testcase classname="Smoketest.HLAds" name="TestAdsSxCResult" time="81.224" />

      <testcase classname="Smoketest.HLAds" name="TestAdsNewsLanding" time="91.431" />

      <testcase classname="Smoketest.HLAds" name="TestAdsDirectory" time="16.526" />

      <testcase classname="Smoketest.HLAds" name="TestAdsBodyMapsArticle" time="10.192" />

      <testcase classname="Smoketest.HLAds" name="TestAdsSlideshow" time="238.769" />

      <testcase classname="Smoketest.HLAds" name="TestAdsSC" time="44.414" />

      <testcase classname="Smoketest.HLAds" name="TestAdsTC" time="55.615" />

      <testcase classname="Smoketest.HLAds" name="TestAdsReadMoreArticle" time="50.49" />

      <testcase classname="Smoketest.HLAds" name="TestAdsDrugArticle" time="91.573" />

      <system-out><![CDATA[===============================================
Ads on Clinical Trials for Desktop...
===============================================
MR1 Ad is present on Clinical Trials Page - 1024 breakpoint!
MR2 Ad is present on Clinical Trials Page - 1024 breakpoint!
===============================================
Ads on Clinical Trials for Tablet...
===============================================
MR1 Ad is present on Clinical Trials Page - 768 breakpoint!
===============================================
Ads on Clinical Trials for Mobile...
===============================================
MR3 ad is present on Clinical Trials - 375 breakpoint!
===============================================
Ads on Diabetesmine Article for Desktop...
===============================================
LB Ad is present on Diabetesmine Article page - 1024 breakpoint!
MR1 Ad is present on Diabetesmine Article page - 1024 breakpoint!
MR2 Ad is present on Diabetesmine Article page - 1024 breakpoint!
===============================================
Ads on Diabetesmine Article for Tablet...
===============================================
LB Ad is present on Diabetesmine Article page - 600 breakpoint!
MR1 Ad is present on Diabetesmine Article page - 600 breakpoint!
MR2 Ad is present on Diabetesmine Article page - 600 breakpoint!
===============================================
Ads on Diabetesmine Article for Mobile...
===============================================
LB Ad is present on Diabetesmine Article page - 320 breakpoint!
MR3 ad present on Diabetesmine Article page - 320 breakpoint!
===============================================
Ads on Standard Article for Desktop BP...
===============================================
LB Ad is present on Standard article page - Desktop breakpoint!!
TL Ad is missing on Standard article page - Desktop breakpoint!
WSL Ad is present on Standard article page - Desktop breakpoint!
MR1 Ad is present on Standard article page - Desktop breakpoint!
MR2 Ad is present on Standard article -  Desktop breakpoint!
Swoop Ad is missing on Standard article page - Desktop breakpoint!
===============================================
Ads on Standard Article for Tablet BP...
===============================================
LB Ad is present on Standard article page - 768 breakpoint!
TL Ad is missing on Standard article page - 768 breakpoint!
MR1 Ad is present on Standard article page - 768 breakpoint!
MR2 Ad is present on Standard article page - 768 breakpoint!
===============================================
Ads on Mobile BP for Standard Article...
===============================================
LB Ad is present on Standard article page - 375 breakpoint!
TL Ad is missing on Standard article page - 375 breakpoint!
Swoop Ad is missing on Standard article page - 375 breakpoint!
MR3 ad present after section 2 on Standard article page - 375 breakpoint
MR3 ad present after section 7 on Standard article page - 375 breakpoint
MR3 ad present after section 12 on Standard article page - 375 breakpoint
===============================================
Ads on Tabbed Article for Desktop BP...
===============================================
LB Ad is missing on Tabbed article page - Desktop breakpoint!
TL Ad is missing on Tabbed article page - Desktop breakpoint!
MR1 Ad is missing on Tabbed article page - Desktop breakpoint!
MR2 Ad is missing on Tabbed article page - Desktop breakpoint!
WSL Ad is missing on Tabbed article page - Desktop breakpoint!
Swoop Ad is missing on Tabbed article page - Desktop breakpoint!
===============================================
Ads on Tabbed Article for Tablet BP...
===============================================
LB Ad is missing on Tabbed article page - 768 breakpoint!
TL Ad is missing on Tabbed article page - 768 breakpoint!
MR3 Ad is missing on Tabbed article page - 768 breakpoint!http://www.healthline.com/health/lyme-disease
===============================================
Ads on Tabbed Article for Mobile BP...
===============================================
LB Ad is missing on Tabbed article page -  375 breakpoint!
TL Ad is missing on Tabbed article page - 375 breakpoint!
Swoop Ad is missing on Tabbed article page - 375 breakpoint!
MR3 Ad is missing on Tabbed article page - 375 breakpoint!http://www.healthline.com/health/lyme-disease
===============================================
Ads on Pill Identifier for Desktop...
===============================================
LB Ad is present on Pill Identifier Page - 1024 breakpoint!
MR1 Ad is present on Pill Identifier  Page - 1024 breakpoint!
MR2 Ad is present on Pill Identifier  Page - 1024 breakpoint!
===============================================
Ads on Pill Identifier for Tablet...
===============================================
LB Ad is present on Pill Identifier Page - 768 breakpoint!
===============================================
Ads on Pill Identifier for Mobile...
===============================================
LB Ad is present on Pill Identifier Page - 375 breakpoint!
===============================================
Ads on Diabetesmine Landing Page for Desktop...
===============================================
LB Ad is present on DM Landing Page - 1024 breakpoint!
MR1 Ad is present on DM Landing Page - 1024 breakpoint!
===============================================
Ads on Diabetesmine Landing Page for Tablet...
===============================================
LB Ad is present on DM Landing Page - 768 breakpoint!
MR1 Ad is present on DM Landing Page - 768 breakpoint!
===============================================
Ads on Diabetesmine Landing Page for Mobile...
===============================================
LB Ad is present on DM Landing Page - 375 breakpoint!
===============================================
Ads on News Article for Desktop...
===============================================
LB Ad is present on News Article page - 1024 breakpoint!
MR1 Ad is present on News Article page - 1024 breakpoint!
===============================================
Ads on News Article for Tablet...
===============================================
LB Ad is present on News Article page - 768 breakpoint!
MR1 Ad is present on News Article page - 768 breakpoint!
===============================================
Ads on News Article for Mobile...
===============================================
LB Ad is present on News Article page - 375 breakpoint!
MR3 ad after section 2 present on News Article page - 375 breakpoint!
MR3 ad after section 7 present on News Article page - 375 breakpoint!
MR3 ad after section 12 present on News Article page - 375 breakpoint!
MR3 ad after section 17 present on News Article page - 375 breakpoint!
===============================================
Ads on HomePage for Desktop BP...
===============================================
1st MR3 ad is present on HomePage - Desktop!
2nd MR3 ad is present on HomePage - Desktop!
===============================================
Ads on HomePage for Tablet...
===============================================
1st MR3 ad is present on HomePage - 768 breakpoint!
2nd MR3 ad is present on HomePage - 768 breakpoint!
===============================================
Ads on HomePage for Mobile...
===============================================
1st MR3 ad is present on HomePage - 375 breakpoint!
2nd MR3 ad is present on HomePage - 375 breakpoint!
===============================================
Ads on Single Video Page for Desktop...
===============================================
LB Ad is missing on Single video page - 1024 breakpoint!
MR1 Ad is missing on Single video page - 1024 breakpoint!
===============================================
Ads on Single Video Page for Tablet BP...
===============================================
LB Ad is missing on Single video page - 768 breakpoint!
MR1 Ad is missing on Single video page - 768 breakpoint!
===============================================
Ads on Single Video Page for Mobile BP...
===============================================
LB Ad is missing on Single video page - 375 breakpoint!
===============================================
Ads on Blog for Desktop...
===============================================
LB Ad is missing on Blog page - 1024 breakpoint!
MR1 Ad is missing on Blog page - 1024 breakpoint
===============================================
Ads on SxC Result for Desktop...
===============================================
LB Ad is present on SxC Result Page - 1024 breakpoint
MR1 Ad is present on SxC Result Page - 1024 breakpoint!
MR2 Ad is present on SxC Result Page - 1024 breakpoint!
===============================================
Ads on SxC Result for Tablet...
===============================================
LB Ad is present on SxC Result Page - 768 breakpoint!
MR3 ad present after section 6 present on SxC Result Page - 768 breakpoint
MR3 ad present after section 12 present on SxC Result Page - 768 breakpoint
MR3 ad present after section 18 present on SxC Result Page - 768 breakpoint
===============================================
Ads on SxC Result for Mobile...
===============================================
LB Ad is present on SxC Result Page - 375 breakpoint!
MR3 ad present after section 6 present on SxC Result Page - 375 breakpoint
MR3 ad present after section 12 present on SxC Result Page - 375 breakpoint
MR3 ad present after section 18 present on SxC Result Page - 375 breakpoint
===============================================
Ads on News Landing Page for Desktop...
===============================================
MR1 Ad is present on News Landing Page - 1024 breakpoint!
===============================================
Ads on News Landing Page for Tablet...
===============================================
LB Ad is present on News Landing Page - 768 breakpoint!
MR1 Ad is present on News Landing Page - 768 breakpoint!
===============================================
Ads on News Landing Page for Mobile...
===============================================
LB Ad is present on News Landing Page - 375 breakpoint!
MR1 Ad is present on News Landing Page - 375 breakpoint!
===============================================
Ads on Directory for Desktop...
===============================================
LB Ad is present on Directory page - 1024 breakpoint!
MR1 Ad is present on Directory page - 1024 breakpoint!
===============================================
Ads on Bodymap for Desktop...
===============================================
LB Ad is present on Bodymap page - 1024 breakpoint!
MR1 Ad is present on Bodymap page - 1024 breakpoint!
===============================================
Ads on Slideshow for Desktop BP...
===============================================
LB Ad is present on Slideshow page - Desktop breakpoint!
MR1 Ad is present on Slideshow page -  Desktop breakpoint!
MR2 Ad is present on Slideshow page - Desktop breakpoint!
===============================================
Ads on Slideshow for Tablet BP...
===============================================
LB Ad is present on Slideshow page - 768 breakpoint!
12
MR1 Ad is missing on 5 slide of slideshow page - 768 breakpoint!
MR1 Ad is missing on 10 slide of slideshow page - 768 breakpoint!
===============================================
Ads on Slideshow for Mobile BP...
===============================================
LB Ad is present on Slideshow page -  375 breakpoint!
12
9

MR3 Ad is present after 2 slide of slideshow page - 375 breakpoint!

MR3 Ad is present after 4 slide of slideshow page - 375 breakpoint!

MR3 Ad is present after 6 slide of slideshow page - 375 breakpoint!

MR3 Ad is present after 8 slide of slideshow page - 375 breakpoint!

MR3 Ad is present after 10 slide of slideshow page - 375 breakpoint!
===============================================
Ads on SxC for Desktop...
===============================================
MR1 Ad is present on SxC Landing page - 1024 breakpoint!
===============================================
Ads on SxC for Tablet...
===============================================
MR1 Ad is present on SxC Landing page - 768 breakpoint!
===============================================
Ads on SxC for Mobile...
===============================================
MR1 Ad is present on SxC Landing page - 375 breakpoint!
===============================================
Ads on Topic Center for Desktop BP...
===============================================
LB Ad is present on topic center page - 1024 breakpoint!
MR1 Ad is present on topic center page - 1024 breakpoint!
MR2 Ad is present on topic center page - 1024 breakpoint!
===============================================
Ads on Topic Center for Tablet BP...
===============================================
LB Ad is present on topic center page - 768 breakpoint!
MR1 Ad is present on topic center page - 768 breakpoint!
===============================================
Ads on Topic Center for Mobile BP...
===============================================
LB Ad is present on topic center page - 375 breakpoint!
MR1 Ad is present on topic center page - 375 breakpoint!
===============================================
Ads on Read More Article for Desktop BP...
===============================================
LB Ad is present on Read More Article page - Desktop breakpoint!
MR1 Ad is present on Read More Article page - Desktop breakpoint!
MR2 Ad is present on Read More Article page - Desktop breakpoint!
===============================================
Ads on Read More Article for Tablet BP...
===============================================
LB Ad is present on Read More Article page - 768 breakpoint!
MR3 ad is present after 4 topic block on Read more article page - 768 breakpoint
MR3 ad is present after 8 topic block on Read more article page - 768 breakpoint
MR3 ad is present after 12 topic block on Read more article page - 768 breakpoint
MR3 ad is present after 16 topic block on Read more article page - 768 breakpoint
===============================================
Ads on Read More Article for Mobile BP...
===============================================
LB Ad is present on Read More Article page - 375 breakpoint!
MR3 ad is missing after 6 topic block on Read more article page - 320 breakpoint
MR3 ad is present after 12 topic block on Read more article page - 320 breakpoint
===============================================
Ads on Drug Article for Desktop...
===============================================
LB Ad is present on Drug Article -  Desktop breakpoint!
MR1 Ad is present on Drug Article -  Desktop breakpoint!
MR2 Ad is present on Drug Article -  Desktop breakpoint!
===============================================
Ads on Drug Article for Tablet...
===============================================
LB Ad is present on Drug Article -  768 breakpoint!
MR3 ad is present on Drug article page - 768 breakpoint!
===============================================
Ads on Drug Article for Mobile...
===============================================
LB Ad is present on Drug Article -  375 breakpoint!
MR3 ad is present on Drug article page - 375 breakpoint!
]]></system-out>

      <system-err><![CDATA[Starting ChromeDriver 2.25.426923 (0390b88869384d6eb0d5d09729679f934aab9eed) on port 9313
Only local connections are allowed.
Starting ChromeDriver 2.25.426923 (0390b88869384d6eb0d5d09729679f934aab9eed) on port 30884
Only local connections are allowed.
Starting ChromeDriver 2.25.426923 (0390b88869384d6eb0d5d09729679f934aab9eed) on port 11081
Only local connections are allowed.
]]></system-err>

  </testsuite>
</testsuites>
