<?xml version="1.0" encoding="UTF-8" ?>
<testsuite errors="0" failures="2" hostname="prodigy22-PC" name="smoketest.TestSuitedrugs" skipped="0" tests="6" time="142.675" timestamp="2017-11-07T07:26:50">
  <properties>
[...]
</properties>
  <testcase classname="smoketest.DrugsTest" name="Tabbedarticle" time="33.249" />
  <testcase classname="smoketest.DrugsTest" name="VideoPage" time="22.445">
    <failure message="Read this next section is missing on https://www.drugs.com/health/oa/non-surgical-2572/&#xa;" type="junit.framework.AssertionFailedError">junit.framework.AssertionFailedError: Read this next section is missing on https://www.drugs.com/health/oa/non-surgical-2572/

	at org.junit.Assert.fail(Assert.java:88)
	at org.junit.Assert.assertTrue(Assert.java:41)
	at smoketest.DrugsTest.VideoPage(Unknown Source)
	at sun.reflect.NativeMethodAccessorImpl.invoke0(Native Method)
	at sun.reflect.NativeMethodAccessorImpl.invoke(NativeMethodAccessorImpl.java:62)
	at sun.reflect.DelegatingMethodAccessorImpl.invoke(DelegatingMethodAccessorImpl.java:43)
	at java.lang.reflect.Method.invoke(Method.java:498)
	at org.junit.runners.model.FrameworkMethod$1.runReflectiveCall(FrameworkMethod.java:50)
	at org.junit.internal.runners.model.ReflectiveCallable.run(ReflectiveCallable.java:12)
	at org.junit.runners.model.FrameworkMethod.invokeExplosively(FrameworkMethod.java:47)
	at org.junit.internal.runners.statements.InvokeMethod.evaluate(InvokeMethod.java:17)
	at org.junit.internal.runners.statements.RunBefores.evaluate(RunBefores.java:26)
	at org.junit.runners.ParentRunner.runLeaf(ParentRunner.java:325)
	at org.junit.runners.BlockJUnit4ClassRunner.runChild(BlockJUnit4ClassRunner.java:78)
	at org.junit.runners.BlockJUnit4ClassRunner.runChild(BlockJUnit4ClassRunner.java:57)
	at org.junit.runners.ParentRunner$3.run(ParentRunner.java:290)
	at org.junit.runners.ParentRunner$1.schedule(ParentRunner.java:71)
	at org.junit.runners.ParentRunner.runChildren(ParentRunner.java:288)
	at org.junit.runners.ParentRunner.access$000(ParentRunner.java:58)
	at org.junit.runners.ParentRunner$2.evaluate(ParentRunner.java:268)
	at org.junit.internal.runners.statements.RunBefores.evaluate(RunBefores.java:26)
	at org.junit.internal.runners.statements.RunAfters.evaluate(RunAfters.java:27)
	at org.junit.runners.ParentRunner.run(ParentRunner.java:363)
	at org.junit.runners.Suite.runChild(Suite.java:128)
	at org.junit.runners.Suite.runChild(Suite.java:27)
	at org.junit.runners.ParentRunner$3.run(ParentRunner.java:290)
	at org.junit.runners.ParentRunner$1.schedule(ParentRunner.java:71)
	at org.junit.runners.ParentRunner.runChildren(ParentRunner.java:288)
	at org.junit.runners.ParentRunner.access$000(ParentRunner.java:58)
	at org.junit.runners.ParentRunner$2.evaluate(ParentRunner.java:268)
	at org.junit.runners.ParentRunner.run(ParentRunner.java:363)
	at junit.framework.JUnit4TestAdapter.run(JUnit4TestAdapter.java:38)
	at org.apache.tools.ant.taskdefs.optional.junit.JUnitTestRunner.run(JUnitTestRunner.java:532)
	at org.apache.tools.ant.taskdefs.optional.junit.JUnitTestRunner.launch(JUnitTestRunner.java:1179)
	at org.apache.tools.ant.taskdefs.optional.junit.JUnitTestRunner.main(JUnitTestRunner.java:1030)
</failure>
  </testcase>
  <testcase classname="smoketest.DrugsTest" name="Assessment" time="22.878" />
  <testcase classname="smoketest.DrugsTest" name="TOC" time="24.784">
    <failure message="Title missing on TOC Page https://www.drugs.com/health/ms/&#xa;Read this next section is missing on https://www.drugs.com/health/ms/&#xa;" type="junit.framework.AssertionFailedError">junit.framework.AssertionFailedError: Title missing on TOC Page https://www.drugs.com/health/ms/
Read this next section is missing on https://www.drugs.com/health/ms/

	at org.junit.Assert.fail(Assert.java:88)
	at org.junit.Assert.assertTrue(Assert.java:41)
	at smoketest.DrugsTest.TOC(Unknown Source)
	at sun.reflect.NativeMethodAccessorImpl.invoke0(Native Method)
	at sun.reflect.NativeMethodAccessorImpl.invoke(NativeMethodAccessorImpl.java:62)
	at sun.reflect.DelegatingMethodAccessorImpl.invoke(DelegatingMethodAccessorImpl.java:43)
	at java.lang.reflect.Method.invoke(Method.java:498)
	at org.junit.runners.model.FrameworkMethod$1.runReflectiveCall(FrameworkMethod.java:50)
	at org.junit.internal.runners.model.ReflectiveCallable.run(ReflectiveCallable.java:12)
	at org.junit.runners.model.FrameworkMethod.invokeExplosively(FrameworkMethod.java:47)
	at org.junit.internal.runners.statements.InvokeMethod.evaluate(InvokeMethod.java:17)
	at org.junit.internal.runners.statements.RunBefores.evaluate(RunBefores.java:26)
	at org.junit.runners.ParentRunner.runLeaf(ParentRunner.java:325)
	at org.junit.runners.BlockJUnit4ClassRunner.runChild(BlockJUnit4ClassRunner.java:78)
	at org.junit.runners.BlockJUnit4ClassRunner.runChild(BlockJUnit4ClassRunner.java:57)
	at org.junit.runners.ParentRunner$3.run(ParentRunner.java:290)
	at org.junit.runners.ParentRunner$1.schedule(ParentRunner.java:71)
	at org.junit.runners.ParentRunner.runChildren(ParentRunner.java:288)
	at org.junit.runners.ParentRunner.access$000(ParentRunner.java:58)
	at org.junit.runners.ParentRunner$2.evaluate(ParentRunner.java:268)
	at org.junit.internal.runners.statements.RunBefores.evaluate(RunBefores.java:26)
	at org.junit.internal.runners.statements.RunAfters.evaluate(RunAfters.java:27)
	at org.junit.runners.ParentRunner.run(ParentRunner.java:363)
	at org.junit.runners.Suite.runChild(Suite.java:128)
	at org.junit.runners.Suite.runChild(Suite.java:27)
	at org.junit.runners.ParentRunner$3.run(ParentRunner.java:290)
	at org.junit.runners.ParentRunner$1.schedule(ParentRunner.java:71)
	at org.junit.runners.ParentRunner.runChildren(ParentRunner.java:288)
	at org.junit.runners.ParentRunner.access$000(ParentRunner.java:58)
	at org.junit.runners.ParentRunner$2.evaluate(ParentRunner.java:268)
	at org.junit.runners.ParentRunner.run(ParentRunner.java:363)
	at junit.framework.JUnit4TestAdapter.run(JUnit4TestAdapter.java:38)
	at org.apache.tools.ant.taskdefs.optional.junit.JUnitTestRunner.run(JUnitTestRunner.java:532)
	at org.apache.tools.ant.taskdefs.optional.junit.JUnitTestRunner.launch(JUnitTestRunner.java:1179)
	at org.apache.tools.ant.taskdefs.optional.junit.JUnitTestRunner.main(JUnitTestRunner.java:1030)
</failure>
  </testcase>
  <testcase classname="smoketest.DrugsTest" name="Slideshow" time="16.295" />
  <testcase classname="smoketest.DrugsTest" name="Standardarticle" time="19.581" />
  <system-out><![CDATA[Tabbed Article...
Title exist on Tabbed Article Page https://www.drugs.com/health/osteoarthritis/supartz-2884/
Written Info exist on Tabbed Article Page https://www.drugs.com/health/osteoarthritis/supartz-2884/
6
Video Page...
Title exist on Video Article Page https://www.drugs.com/health/oa/non-surgical-2572/
Content exist on Health Video page https://www.drugs.com/health/oa/non-surgical-2572/
Assessment Page...
Disclaimer exist on Assessment Page https://www.drugs.com/health/psoriasis/right-doctor-2484/
Title exist on Assessment Page https://www.drugs.com/health/psoriasis/right-doctor-2484/
Video thumbanail is displayed on Assessment pagehttps://www.drugs.com/health/psoriasis/right-doctor-2484/
Start Here button is displayed on Assessment pagehttps://www.drugs.com/health/psoriasis/right-doctor-2484/
view table of contents is displayed on Assessment Pagehttps://www.drugs.com/health/psoriasis/right-doctor-2484/
progress bar is displayed on Assessment Pagehttps://www.drugs.com/health/psoriasis/right-doctor-2484/
Topic Center Page...
Slideshow Page...
Title exist on Slideshow Page https://www.drugs.com/health/ms/country-events-2677/
Disclaimer exist on Slideshow Page https://www.drugs.com/health/ms/country-events-2677/
Standard Article Page...
Written Info exist on Tabbed Article Page https://www.drugs.com/health/ms-treatment/promising-2550/
Title exist on Standard Article Page https://www.drugs.com/health/ms-treatment/promising-2550/
]]></system-out>
  <system-err><![CDATA[Starting ChromeDriver 2.29.461591 (62ebf098771772160f391d75e589dc567915b233) on port 40050
Only local connections are allowed.
]]></system-err>
</testsuite>
