<?xml version="1.0" encoding="UTF-8" ?>
<testsuites>
  <testsuite errors="0" failures="0" hostname="prodigy22-PC" id="0" name="TestSuitehl" package="SmokeTest" skipped="15" tests="16" time="103.16" timestamp="2017-05-09T10:03:16">
      <properties>
[...]
</properties>

      <testcase classname="SmokeTest.HealthlineTestProd" name="Header" time="0.0">
          <skipped />

      </testcase>

      <testcase classname="SmokeTest.HealthlineTestProd" name="TopicDirectory" time="0.0">
          <skipped />

      </testcase>

      <testcase classname="SmokeTest.HealthlineTestProd" name="footer" time="0.0">
          <skipped />

      </testcase>

      <testcase classname="SmokeTest.HealthlineTestProd" name="testDM" time="0.0">
          <skipped />

      </testcase>

      <testcase classname="SmokeTest.HealthlineTestProd" name="sharebar" time="0.0">
          <skipped />

      </testcase>

      <testcase classname="SmokeTest.HealthlineTestProd" name="blogsdirectory" time="0.0">
          <skipped />

      </testcase>

      <testcase classname="SmokeTest.HealthlineTestProd" name="feedbackWidget" time="0.0">
          <skipped />

      </testcase>

      <testcase classname="SmokeTest.HealthlineTestProd" name="Assessment" time="0.0">
          <skipped />

      </testcase>

      <testcase classname="SmokeTest.HealthlineTestProd" name="FDA" time="0.0">
          <skipped />

      </testcase>

      <testcase classname="SmokeTest.HealthlineTestProd" name="HOMETest" time="98.825" />

      <testcase classname="SmokeTest.HealthlineTestProd" name="slideshowdirectory" time="0.0">
          <skipped />

      </testcase>

      <testcase classname="SmokeTest.HealthlineTestProd" name="newsdirectory" time="0.0">
          <skipped />

      </testcase>

      <testcase classname="SmokeTest.HealthlineTestProd" name="symptomsdirectory" time="0.0">
          <skipped />

      </testcase>

      <testcase classname="SmokeTest.HealthlineTestProd" name="ReferenceDirectory" time="0.0">
          <skipped />

      </testcase>

      <testcase classname="SmokeTest.HealthlineTestProd" name="drugsdirectory" time="0.0">
          <skipped />

      </testcase>

      <testcase classname="SmokeTest.HealthlineTestProd" name="videodirectory" time="0.0">
          <skipped />

      </testcase>

      <system-out><![CDATA[All Links from Health Tools section from HL home page are not broken
]]></system-out>

      <system-err><![CDATA[Starting ChromeDriver 2.29.461591 (62ebf098771772160f391d75e589dc567915b233) on port 14684
Only local connections are allowed.
]]></system-err>

  </testsuite>
</testsuites>
