<?xml version="1.0" encoding="UTF-8" ?>
<testsuites>
  <testsuite errors="0" failures="0" hostname="prodigy22-PC" id="0" name="TestSuitehl" package="SmokeTest" skipped="1" tests="15" time="1617.847" timestamp="2017-04-26T05:50:33">
      <properties>
[...]
</properties>

      <testcase classname="SmokeTest.HealthlineTestProd" name="Header" time="379.778" />

      <testcase classname="SmokeTest.HealthlineTestProd" name="TopicDirectory" time="146.92" />

      <testcase classname="SmokeTest.HealthlineTestProd" name="footer" time="23.269" />

      <testcase classname="SmokeTest.HealthlineTestProd" name="testDM" time="70.656" />

      <testcase classname="SmokeTest.HealthlineTestProd" name="sharebar" time="22.388" />

      <testcase classname="SmokeTest.HealthlineTestProd" name="blogsdirectory" time="0.0">
          <skipped />

      </testcase>

      <testcase classname="SmokeTest.HealthlineTestProd" name="feedbackWidget" time="303.525" />

      <testcase classname="SmokeTest.HealthlineTestProd" name="Assessment" time="27.057" />

      <testcase classname="SmokeTest.HealthlineTestProd" name="FDA" time="37.546" />

      <testcase classname="SmokeTest.HealthlineTestProd" name="HOMETest" time="49.098" />

      <testcase classname="SmokeTest.HealthlineTestProd" name="slideshowdirectory" time="149.506" />

      <testcase classname="SmokeTest.HealthlineTestProd" name="newsdirectory" time="109.043" />

      <testcase classname="SmokeTest.HealthlineTestProd" name="symptomsdirectory" time="120.768" />

      <testcase classname="SmokeTest.HealthlineTestProd" name="drugsdirectory" time="97.923" />

      <testcase classname="SmokeTest.HealthlineTestProd" name="videodirectory" time="51.381" />

      <system-out><![CDATA[On Clicking Logo user redirceted to HL home page http://www.healthline.com/
Topic and Tools nav butto exist on Global Header http://www.healthline.com/directory/topics
37 links listed in Global Header Health Topics Nav Dropdown List http://www.healthline.com/directory/topics
What Do You Want to Know About ADHD?
Title exist on Health Topic page http://www.healthline.com/health/adhd?ref=global
Content exist on Health Topic page http://www.healthline.com/health/adhd?ref=global
Pill Identifier
Title exist on Pill identifier http://www.healthline.com/pill-identifier?ref=global
Newsletter Overlay Present...
Try to locate Overlay
Overlay Opened
Search textbox exist in global header http://www.healthline.com/directory/topics
On submitting search form , Search result page display 
Title exist on Health Topics Directory page http://www.healthline.com/directory/topics
Breadcrumbs exist on Health Topics Directory page http://www.healthline.com/directory/topics
Symptoms page type link exist on LHS of Health Topics Directory page http://www.healthline.com/directory/topics
Drugs page type link exist on LHS of Health Topics Directory page http://www.healthline.com/directory/topics
Videos page type link exist on LHS of Health Topics Directory page http://www.healthline.com/directory/topics
Slideshows page type link exist on LHS of Health Topics Directory page http://www.healthline.com/directory/topics
Health Blogs page type link exist on LHS of Health Topics Directory page http://www.healthline.com/directory/topics
Health News page type link exist on LHS of Health Topics Directory page http://www.healthline.com/directory/topics
Reference Library page type link exist on LHS of Health Topics Directory page http://www.healthline.com/directory/topics
Title exist on Health Topic page http://www.healthline.com/health/adhd
Content exist on Health Topic page http://www.healthline.com/health/adhd
Center well links  exist on Health Topic page http://www.healthline.com/health/adhd
Box Pagination links exist on Health Topic page http://www.healthline.com/directory/topics
Footer Copy text exist http://www.healthline.com/symptom-checker
Footer Links exist http://www.healthline.com/symptom-checker
Newsletter sign up widget exist on the footer of http://www.healthline.com/symptom-checker
Sharebar below Newsletter sign up widget exist on the footer of http://www.healthline.com/symptom-checker
Footer Copyright text exist on http://www.healthline.com/symptom-checker
5
On sharebar facebook icon exist http://www.healthline.com/symptom/developmental-delay
On sharebar twitter icon exist http://www.healthline.com/symptom/developmental-delay
On sharebar email icon exist http://www.healthline.com/symptom/developmental-delay
On sharebar print icon exist http://www.healthline.com/symptom/developmental-delay
try yes click
This article changed my life!
This article was informative.
I have a medical question.
First 'This article changed my life!' link is clickable from 'Yes' overlay
Title of 1st link in Yes overlay: This article changed my life!
Done button clickable.
Title of confirmation overlay is: We appreciate your helpful feedback!
Click on YES overlay
Second 'This article was informative.' link is clickable from 'Yes' overlay
Title of 2nd link in Yes overlay: This article was informative.
Done button clickable.
Title of confirmation overlay is: We appreciate your helpful feedback!
Yes overlay closed
Try to click on NO link.
NO link
This article contains incorrect information.
This article doesn't have the information I'm looking for.
I have a medical question.
First 'This article contains incorrect information.' link is clickable from 'No' overlay
Title of 1st link in No overlay: This article contains incorrect information.
Done button clickable.
Title of confirmation overlay is: Thank you for your helpful suggestion.
Click on NO overlay
Second 'This article doesn't have the information I'm looking for.' link is clickable from 'No' overlay
Title of 2nd link in Yes overlay: This article doesn't have the information I'm looking for.
Done button clickable.
Title of confirmation overlay is: Thank you for sharing your feedback.
Title of 3rd link in NO overlay: I have a medical question
http://amwell.go2cloud.org/aff_c?offer_id=4&aff_id=1158&source=feedbackwidget
Assessment Page...
Title exist on Assessment Page http://www.healthline.com/health-assessments/ms-checkup
Video thumbanail is missing on Assessment Page http://www.healthline.com/health-assessments/ms-checkup
view table of contents is displayed on Assessment Pagehttp://www.healthline.com/health-assessments/ms-checkup
progress bar is displayed on Assessment Pagehttp://www.healthline.com/health-assessments/ms-checkup
Mammography: What You Need to Know
Last Updated on October 21, 2016
SHARE
Title exist on FDA page http://www.healthline.com/health/fda/mammography-what-you-need-to-know
All Links from Health Tools section from HL home page are not broken
Center well links exist for All TAB on Health Slideshow Directory page http://www.healthline.com/directory/slideshows
Slideshow container exist on Slideshow page http://www.healthline.com/health-slideshow/10-best-places-to-live-with-ra
Box Pagination section exist on Health Slideshow directory page http://www.healthline.com/directory/slideshows
Heading exist on health News page http://www.healthline.com/health-news/cholesterol-and-heart-attacks
Box Pagination section exist on Health News directory page http://www.healthline.com/directory/news
Center well links exist on Common TAB of Health Symptoms Directory page http://www.healthline.com/directory/symptoms
Symptom search results on http://www.healthline.com/symptom/abdominal-pain
Box Pagination section exist on http://www.healthline.com/directory/symptoms
8000
Center well links exist on Common TAB of Health Drugs Directory page http://www.healthline.com/directory/drugs
 Brand name exist on drugs page http://www.healthline.com/drugs/budesonide-formoterol/inhalation-powder,-pressurized#Highlights1
Center well links exist on Health Video Directory page http://www.healthline.com/directory/videos
Content exist on Health Video page http://www.healthline.com/video/cholesterol-break-it-down
]]></system-out>

      <system-err><![CDATA[Starting ChromeDriver 2.29.461591 (62ebf098771772160f391d75e589dc567915b233) on port 2685
Only local connections are allowed.
]]></system-err>

  </testsuite>
</testsuites>
