<?xml version="1.0" encoding="UTF-8" ?>
<testsuites>
  <testsuite errors="0" failures="0" hostname="prodigy22-PC" id="0" name="TestSuitelivestrong" package="smoketest" skipped="0" tests="6" time="261.972" timestamp="2017-10-14T05:11:10">
      <properties>
[...]
</properties>

      <testcase classname="smoketest.LivestrongTest" name="Tabbedarticle" time="68.952" />

      <testcase classname="smoketest.LivestrongTest" name="VideoPage" time="26.384" />

      <testcase classname="smoketest.LivestrongTest" name="TOCarticle" time="48.383" />

      <testcase classname="smoketest.LivestrongTest" name="Assessment" time="32.93" />

      <testcase classname="smoketest.LivestrongTest" name="Slideshow" time="20.225" />

      <testcase classname="smoketest.LivestrongTest" name="Standardarticle" time="60.085" />

      <system-out><![CDATA[Tabbed Article...
Desclaimer Widget exist on Tabbed Article Page http://www.livestrong.com/healthline/health/ulcerative-colitis-take-control/paleo-diet/
Title exist on Tabbed Article Page http://www.livestrong.com/healthline/health/ulcerative-colitis-take-control/paleo-diet/
Written Info exist on Tabbed Article Page http://www.livestrong.com/healthline/health/ulcerative-colitis-take-control/paleo-diet/
4
Article Resource Overlay is opened
Article Resource Overlay is closed
Video Page...
Title exist on Video Article Page http://www.livestrong.com/healthline/video/ankylosing-spondylitis-more-than-back-pain/
Content exist on Health Video Article page http://www.livestrong.com/healthline/video/ankylosing-spondylitis-more-than-back-pain/
TOC Page...
Desclaimer Widget exist on TOC Page http://www.livestrong.com/healthline/health/ankylosing-spondylitis/treating-as/
Title exist on TOC Page http://www.livestrong.com/healthline/health/ankylosing-spondylitis/treating-as/
http://hl.livestrong.com/hlcmsresource/images/slideshow/ankylosing-spondylitis-options-treatment/194x105_AS_Treatment_SS.jpg
http://hl.livestrong.com/hlcmsresource/images/topic_centers/ankylosing-spondylitis/194x105_Diagnosing-Ankylosing-Spondylitis.jpg
Assessment Page...
Disclaimer exist on Assessment Page http://www.livestrong.com/healthline/health-assessments/ms-checkup/
Title exist on Assessment Page http://www.livestrong.com/healthline/health-assessments/ms-checkup/
Video thumbanail is displayed on Assessment pagehttp://www.livestrong.com/healthline/health-assessments/ms-checkup/
Nextbutton is displayed on Assessment pagehttp://www.livestrong.com/healthline/health-assessments/ms-checkup/
view table of contents is displayed on Assessment Pagehttp://www.livestrong.com/healthline/health-assessments/ms-checkup/
progress bar is displayed on Assessment Pagehttp://www.livestrong.com/healthline/health-assessments/ms-checkup/
Slideshow Page...
Title exist on Slideshow Page http://www.livestrong.com/healthline/health-slideshow/hepatitis-c-your-support-options/
Disclaimer exist on Slideshow Page http://www.livestrong.com/healthline/health-slideshow/hepatitis-c-your-support-options/
Standard Article...
Desclaimer Widget exist on Standard Article Page http://www.livestrong.com/healthline/health/hypothyroidism/exercise-plan/
Title exist on Standard Article Page http://www.livestrong.com/healthline/health/hypothyroidism/exercise-plan/
Written Info exist on Standard Article Page http://www.livestrong.com/healthline/health/hypothyroidism/exercise-plan/
Article Resource Overlay is opened
Article Resource Overlay is closed
]]></system-out>

      <system-err><![CDATA[Starting ChromeDriver 2.29.461591 (62ebf098771772160f391d75e589dc567915b233) on port 29540
Only local connections are allowed.
]]></system-err>

  </testsuite>
</testsuites>
